{"C:\\Users\\kiko\\Desktop\\pasteleria-react\\src\\assets\\css\\compra-exitosa.css": {"path":"C:\\Users\\kiko\\Desktop\\pasteleria-react\\src\\assets\\css\\compra-exitosa.css","statementMap":{},"fnMap":{},"branchMap":{},"s":{},"f":{},"b":{},"meta":{"lastBranch":0,"lastFunction":0,"lastStatement":0,"seen":{}}}
,"C:\\Users\\kiko\\Desktop\\pasteleria-react\\src\\assets\\css\\estilo.css": {"path":"C:\\Users\\kiko\\Desktop\\pasteleria-react\\src\\assets\\css\\estilo.css","statementMap":{},"fnMap":{},"branchMap":{},"s":{},"f":{},"b":{},"meta":{"lastBranch":0,"lastFunction":0,"lastStatement":0,"seen":{}}}
,"C:\\Users\\kiko\\Desktop\\pasteleria-react\\src\\assets\\css\\productos.css": {"path":"C:\\Users\\kiko\\Desktop\\pasteleria-react\\src\\assets\\css\\productos.css","statementMap":{},"fnMap":{},"branchMap":{},"s":{},"f":{},"b":{},"meta":{"lastBranch":0,"lastFunction":0,"lastStatement":0,"seen":{}}}
,"C:\\Users\\kiko\\Desktop\\pasteleria-react\\src\\components\\Admin.jsx": {"path":"C:\\Users\\kiko\\Desktop\\pasteleria-react\\src\\components\\Admin.jsx","statementMap":{"0":{"start":{"line":7,"column":18},"end":{"line":11,"column":null}},"1":{"start":{"line":14,"column":34},"end":{"line":14,"column":null}},"2":{"start":{"line":15,"column":38},"end":{"line":15,"column":null}},"3":{"start":{"line":16,"column":32},"end":{"line":16,"column":null}},"4":{"start":{"line":19,"column":4},"end":{"line":22,"column":null}},"5":{"start":{"line":20,"column":34},"end":{"line":20,"column":null}},"6":{"start":{"line":21,"column":8},"end":{"line":21,"column":null}},"7":{"start":{"line":24,"column":23},"end":{"line":27,"column":null}},"8":{"start":{"line":25,"column":8},"end":{"line":25,"column":null}},"9":{"start":{"line":26,"column":8},"end":{"line":26,"column":null}},"10":{"start":{"line":29,"column":24},"end":{"line":32,"column":null}},"11":{"start":{"line":30,"column":8},"end":{"line":30,"column":null}},"12":{"start":{"line":31,"column":8},"end":{"line":31,"column":null}},"13":{"start":{"line":34,"column":20},"end":{"line":66,"column":null}},"14":{"start":{"line":35,"column":4},"end":{"line":65,"column":null}},"15":{"start":{"line":36,"column":8},"end":{"line":61,"column":null}},"16":{"start":{"line":37,"column":12},"end":{"line":40,"column":null}},"17":{"start":{"line":38,"column":16},"end":{"line":38,"column":null}},"18":{"start":{"line":39,"column":16},"end":{"line":39,"column":null}},"19":{"start":{"line":42,"column":12},"end":{"line":42,"column":null}},"20":{"start":{"line":43,"column":12},"end":{"line":43,"column":null}},"21":{"start":{"line":44,"column":8},"end":{"line":61,"column":null}},"22":{"start":{"line":45,"column":12},"end":{"line":48,"column":null}},"23":{"start":{"line":46,"column":16},"end":{"line":46,"column":null}},"24":{"start":{"line":47,"column":16},"end":{"line":47,"column":null}},"25":{"start":{"line":50,"column":12},"end":{"line":54,"column":null}},"26":{"start":{"line":57,"column":42},"end":{"line":57,"column":null}},"27":{"start":{"line":58,"column":12},"end":{"line":58,"column":null}},"28":{"start":{"line":60,"column":12},"end":{"line":60,"column":null}},"29":{"start":{"line":62,"column":8},"end":{"line":62,"column":null}},"30":{"start":{"line":64,"column":8},"end":{"line":64,"column":null}},"31":{"start":{"line":68,"column":17},"end":{"line":100,"column":null}},"32":{"start":{"line":69,"column":4},"end":{"line":99,"column":null}},"33":{"start":{"line":70,"column":8},"end":{"line":95,"column":null}},"34":{"start":{"line":71,"column":12},"end":{"line":74,"column":null}},"35":{"start":{"line":72,"column":16},"end":{"line":72,"column":null}},"36":{"start":{"line":73,"column":16},"end":{"line":73,"column":null}},"37":{"start":{"line":75,"column":12},"end":{"line":75,"column":null}},"38":{"start":{"line":75,"column":92},"end":{"line":75,"column":null}},"39":{"start":{"line":78,"column":12},"end":{"line":78,"column":null}},"40":{"start":{"line":79,"column":12},"end":{"line":79,"column":null}},"41":{"start":{"line":80,"column":8},"end":{"line":95,"column":null}},"42":{"start":{"line":81,"column":12},"end":{"line":84,"column":null}},"43":{"start":{"line":82,"column":16},"end":{"line":82,"column":null}},"44":{"start":{"line":83,"column":16},"end":{"line":83,"column":null}},"45":{"start":{"line":85,"column":12},"end":{"line":85,"column":null}},"46":{"start":{"line":85,"column":96},"end":{"line":85,"column":null}},"47":{"start":{"line":88,"column":12},"end":{"line":88,"column":null}},"48":{"start":{"line":91,"column":42},"end":{"line":91,"column":null}},"49":{"start":{"line":92,"column":12},"end":{"line":92,"column":null}},"50":{"start":{"line":94,"column":12},"end":{"line":94,"column":null}},"51":{"start":{"line":96,"column":8},"end":{"line":96,"column":null}},"52":{"start":{"line":98,"column":8},"end":{"line":98,"column":null}},"53":{"start":{"line":108,"column":4},"end":{"line":294,"column":null}},"54":{"start":{"line":120,"column":73},"end":{"line":120,"column":98}},"55":{"start":{"line":122,"column":73},"end":{"line":122,"column":97}},"56":{"start":{"line":161,"column":20},"end":{"line":168,"column":null}},"57":{"start":{"line":205,"column":57},"end":{"line":205,"column":null}},"58":{"start":{"line":211,"column":57},"end":{"line":211,"column":null}},"59":{"start":{"line":217,"column":57},"end":{"line":217,"column":null}},"60":{"start":{"line":223,"column":57},"end":{"line":223,"column":null}},"61":{"start":{"line":232,"column":57},"end":{"line":232,"column":null}},"62":{"start":{"line":238,"column":57},"end":{"line":238,"column":null}},"63":{"start":{"line":243,"column":57},"end":{"line":243,"column":null}}},"fnMap":{"0":{"name":"Admin","decl":{"start":{"line":6,"column":9},"end":{"line":6,"column":17}},"loc":{"start":{"line":6,"column":17},"end":{"line":296,"column":null}},"line":6},"1":{"name":"(anonymous_1)","decl":{"start":{"line":19,"column":14},"end":{"line":19,"column":20}},"loc":{"start":{"line":19,"column":20},"end":{"line":22,"column":7}},"line":19},"2":{"name":"(anonymous_2)","decl":{"start":{"line":24,"column":23},"end":{"line":24,"column":24}},"loc":{"start":{"line":24,"column":33},"end":{"line":27,"column":null}},"line":24},"3":{"name":"(anonymous_3)","decl":{"start":{"line":29,"column":24},"end":{"line":29,"column":30}},"loc":{"start":{"line":29,"column":30},"end":{"line":32,"column":null}},"line":29},"4":{"name":"(anonymous_4)","decl":{"start":{"line":34,"column":20},"end":{"line":34,"column":26}},"loc":{"start":{"line":34,"column":26},"end":{"line":66,"column":null}},"line":34},"5":{"name":"(anonymous_5)","decl":{"start":{"line":68,"column":17},"end":{"line":68,"column":23}},"loc":{"start":{"line":68,"column":23},"end":{"line":100,"column":null}},"line":68},"6":{"name":"(anonymous_6)","decl":{"start":{"line":120,"column":67},"end":{"line":120,"column":73}},"loc":{"start":{"line":120,"column":73},"end":{"line":120,"column":98}},"line":120},"7":{"name":"(anonymous_7)","decl":{"start":{"line":122,"column":67},"end":{"line":122,"column":73}},"loc":{"start":{"line":122,"column":73},"end":{"line":122,"column":97}},"line":122},"8":{"name":"(anonymous_8)","decl":{"start":{"line":160,"column":31},"end":{"line":160,"column":32}},"loc":{"start":{"line":161,"column":20},"end":{"line":168,"column":null}},"line":161},"9":{"name":"(anonymous_9)","decl":{"start":{"line":205,"column":50},"end":{"line":205,"column":51}},"loc":{"start":{"line":205,"column":57},"end":{"line":205,"column":null}},"line":205},"10":{"name":"(anonymous_10)","decl":{"start":{"line":211,"column":50},"end":{"line":211,"column":51}},"loc":{"start":{"line":211,"column":57},"end":{"line":211,"column":null}},"line":211},"11":{"name":"(anonymous_11)","decl":{"start":{"line":217,"column":50},"end":{"line":217,"column":51}},"loc":{"start":{"line":217,"column":57},"end":{"line":217,"column":null}},"line":217},"12":{"name":"(anonymous_12)","decl":{"start":{"line":223,"column":50},"end":{"line":223,"column":51}},"loc":{"start":{"line":223,"column":57},"end":{"line":223,"column":null}},"line":223},"13":{"name":"(anonymous_13)","decl":{"start":{"line":232,"column":50},"end":{"line":232,"column":51}},"loc":{"start":{"line":232,"column":57},"end":{"line":232,"column":null}},"line":232},"14":{"name":"(anonymous_14)","decl":{"start":{"line":238,"column":50},"end":{"line":238,"column":51}},"loc":{"start":{"line":238,"column":57},"end":{"line":238,"column":null}},"line":238},"15":{"name":"(anonymous_15)","decl":{"start":{"line":243,"column":50},"end":{"line":243,"column":51}},"loc":{"start":{"line":243,"column":57},"end":{"line":243,"column":null}},"line":243}},"branchMap":{"0":{"loc":{"start":{"line":36,"column":8},"end":{"line":61,"column":null}},"type":"if","locations":[{"start":{"line":36,"column":8},"end":{"line":61,"column":null}},{"start":{"line":44,"column":8},"end":{"line":61,"column":null}}],"line":36},"1":{"loc":{"start":{"line":37,"column":12},"end":{"line":40,"column":null}},"type":"if","locations":[{"start":{"line":37,"column":12},"end":{"line":40,"column":null}},{"start":{},"end":{}}],"line":37},"2":{"loc":{"start":{"line":37,"column":16},"end":{"line":37,"column":55}},"type":"binary-expr","locations":[{"start":{"line":37,"column":16},"end":{"line":37,"column":35}},{"start":{"line":37,"column":35},"end":{"line":37,"column":55}}],"line":37},"3":{"loc":{"start":{"line":44,"column":8},"end":{"line":61,"column":null}},"type":"if","locations":[{"start":{"line":44,"column":8},"end":{"line":61,"column":null}},{"start":{},"end":{}}],"line":44},"4":{"loc":{"start":{"line":45,"column":12},"end":{"line":48,"column":null}},"type":"if","locations":[{"start":{"line":45,"column":12},"end":{"line":48,"column":null}},{"start":{},"end":{}}],"line":45},"5":{"loc":{"start":{"line":45,"column":16},"end":{"line":45,"column":79}},"type":"binary-expr","locations":[{"start":{"line":45,"column":16},"end":{"line":45,"column":36}},{"start":{"line":45,"column":36},"end":{"line":45,"column":56}},{"start":{"line":45,"column":56},"end":{"line":45,"column":79}}],"line":45},"6":{"loc":{"start":{"line":70,"column":8},"end":{"line":95,"column":null}},"type":"if","locations":[{"start":{"line":70,"column":8},"end":{"line":95,"column":null}},{"start":{"line":80,"column":8},"end":{"line":95,"column":null}}],"line":70},"7":{"loc":{"start":{"line":71,"column":12},"end":{"line":74,"column":null}},"type":"if","locations":[{"start":{"line":71,"column":12},"end":{"line":74,"column":null}},{"start":{},"end":{}}],"line":71},"8":{"loc":{"start":{"line":75,"column":12},"end":{"line":75,"column":null}},"type":"if","locations":[{"start":{"line":75,"column":12},"end":{"line":75,"column":null}},{"start":{},"end":{}}],"line":75},"9":{"loc":{"start":{"line":80,"column":8},"end":{"line":95,"column":null}},"type":"if","locations":[{"start":{"line":80,"column":8},"end":{"line":95,"column":null}},{"start":{},"end":{}}],"line":80},"10":{"loc":{"start":{"line":81,"column":12},"end":{"line":84,"column":null}},"type":"if","locations":[{"start":{"line":81,"column":12},"end":{"line":84,"column":null}},{"start":{},"end":{}}],"line":81},"11":{"loc":{"start":{"line":85,"column":12},"end":{"line":85,"column":null}},"type":"if","locations":[{"start":{"line":85,"column":12},"end":{"line":85,"column":null}},{"start":{},"end":{}}],"line":85},"12":{"loc":{"start":{"line":164,"column":41},"end":{"line":164,"column":null}},"type":"cond-expr","locations":[{"start":{"line":164,"column":63},"end":{"line":164,"column":78}},{"start":{"line":164,"column":78},"end":{"line":164,"column":null}}],"line":164},"13":{"loc":{"start":{"line":188,"column":13},"end":{"line":259,"column":null}},"type":"binary-expr","locations":[{"start":{"line":188,"column":13},"end":{"line":188,"column":null}},{"start":{"line":189,"column":16},"end":{"line":259,"column":null}}],"line":188},"14":{"loc":{"start":{"line":193,"column":33},"end":{"line":193,"column":null}},"type":"cond-expr","locations":[{"start":{"line":193,"column":62},"end":{"line":193,"column":88}},{"start":{"line":193,"column":88},"end":{"line":193,"column":null}}],"line":193},"15":{"loc":{"start":{"line":199,"column":29},"end":{"line":246,"column":null}},"type":"cond-expr","locations":[{"start":{"line":200,"column":32},"end":{"line":225,"column":null}},{"start":{"line":227,"column":32},"end":{"line":246,"column":null}}],"line":199},"16":{"loc":{"start":{"line":204,"column":47},"end":{"line":204,"column":null}},"type":"binary-expr","locations":[{"start":{"line":204,"column":47},"end":{"line":204,"column":66}},{"start":{"line":204,"column":66},"end":{"line":204,"column":null}}],"line":204},"17":{"loc":{"start":{"line":210,"column":47},"end":{"line":210,"column":null}},"type":"binary-expr","locations":[{"start":{"line":210,"column":47},"end":{"line":210,"column":69}},{"start":{"line":210,"column":69},"end":{"line":210,"column":null}}],"line":210},"18":{"loc":{"start":{"line":216,"column":47},"end":{"line":216,"column":null}},"type":"binary-expr","locations":[{"start":{"line":216,"column":47},"end":{"line":216,"column":65}},{"start":{"line":216,"column":65},"end":{"line":216,"column":null}}],"line":216},"19":{"loc":{"start":{"line":222,"column":47},"end":{"line":222,"column":null}},"type":"binary-expr","locations":[{"start":{"line":222,"column":47},"end":{"line":222,"column":68}},{"start":{"line":222,"column":68},"end":{"line":222,"column":null}}],"line":222},"20":{"loc":{"start":{"line":231,"column":47},"end":{"line":231,"column":null}},"type":"binary-expr","locations":[{"start":{"line":231,"column":47},"end":{"line":231,"column":66}},{"start":{"line":231,"column":66},"end":{"line":231,"column":null}}],"line":231},"21":{"loc":{"start":{"line":237,"column":47},"end":{"line":237,"column":null}},"type":"binary-expr","locations":[{"start":{"line":237,"column":47},"end":{"line":237,"column":66}},{"start":{"line":237,"column":66},"end":{"line":237,"column":null}}],"line":237},"22":{"loc":{"start":{"line":242,"column":47},"end":{"line":242,"column":null}},"type":"binary-expr","locations":[{"start":{"line":242,"column":47},"end":{"line":242,"column":71}},{"start":{"line":242,"column":71},"end":{"line":242,"column":null}}],"line":242}},"s":{"0":15,"1":15,"2":15,"3":15,"4":15,"5":3,"6":3,"7":15,"8":2,"9":2,"10":15,"11":2,"12":2,"13":15,"14":2,"15":2,"16":1,"17":0,"18":0,"19":1,"20":1,"21":1,"22":1,"23":0,"24":0,"25":1,"26":1,"27":1,"28":1,"29":2,"30":0,"31":15,"32":0,"33":0,"34":0,"35":0,"36":0,"37":0,"38":0,"39":0,"40":0,"41":0,"42":0,"43":0,"44":0,"45":0,"46":0,"47":0,"48":0,"49":0,"50":0,"51":0,"52":0,"53":15,"54":1,"55":1,"56":96,"57":0,"58":0,"59":1,"60":1,"61":1,"62":1,"63":1},"f":{"0":15,"1":3,"2":2,"3":2,"4":2,"5":0,"6":1,"7":1,"8":96,"9":0,"10":0,"11":1,"12":1,"13":1,"14":1,"15":1},"b":{"0":[1,1],"1":[0,1],"2":[1,1],"3":[1,0],"4":[0,1],"5":[1,1,1],"6":[0,0],"7":[0,0],"8":[0,0],"9":[0,0],"10":[0,0],"11":[0,0],"12":[0,96],"13":[15,7],"14":[3,4],"15":[3,4],"16":[3,3],"17":[3,3],"18":[3,1],"19":[3,2],"20":[4,1],"21":[4,2],"22":[4,3]},"meta":{"lastBranch":23,"lastFunction":16,"lastStatement":64,"seen":{"f:6:9:6:17":0,"s:7:18:11:Infinity":0,"s:14:34:14:Infinity":1,"s:15:38:15:Infinity":2,"s:16:32:16:Infinity":3,"s:19:4:22:Infinity":4,"f:19:14:19:20":1,"s:20:34:20:Infinity":5,"s:21:8:21:Infinity":6,"s:24:23:27:Infinity":7,"f:24:23:24:24":2,"s:25:8:25:Infinity":8,"s:26:8:26:Infinity":9,"s:29:24:32:Infinity":10,"f:29:24:29:30":3,"s:30:8:30:Infinity":11,"s:31:8:31:Infinity":12,"s:34:20:66:Infinity":13,"f:34:20:34:26":4,"s:35:4:65:Infinity":14,"b:36:8:61:Infinity:44:8:61:Infinity":0,"s:36:8:61:Infinity":15,"b:37:12:40:Infinity:undefined:undefined:undefined:undefined":1,"s:37:12:40:Infinity":16,"b:37:16:37:35:37:35:37:55":2,"s:38:16:38:Infinity":17,"s:39:16:39:Infinity":18,"s:42:12:42:Infinity":19,"s:43:12:43:Infinity":20,"b:44:8:61:Infinity:undefined:undefined:undefined:undefined":3,"s:44:8:61:Infinity":21,"b:45:12:48:Infinity:undefined:undefined:undefined:undefined":4,"s:45:12:48:Infinity":22,"b:45:16:45:36:45:36:45:56:45:56:45:79":5,"s:46:16:46:Infinity":23,"s:47:16:47:Infinity":24,"s:50:12:54:Infinity":25,"s:57:42:57:Infinity":26,"s:58:12:58:Infinity":27,"s:60:12:60:Infinity":28,"s:62:8:62:Infinity":29,"s:64:8:64:Infinity":30,"s:68:17:100:Infinity":31,"f:68:17:68:23":5,"s:69:4:99:Infinity":32,"b:70:8:95:Infinity:80:8:95:Infinity":6,"s:70:8:95:Infinity":33,"b:71:12:74:Infinity:undefined:undefined:undefined:undefined":7,"s:71:12:74:Infinity":34,"s:72:16:72:Infinity":35,"s:73:16:73:Infinity":36,"b:75:12:75:Infinity:undefined:undefined:undefined:undefined":8,"s:75:12:75:Infinity":37,"s:75:92:75:Infinity":38,"s:78:12:78:Infinity":39,"s:79:12:79:Infinity":40,"b:80:8:95:Infinity:undefined:undefined:undefined:undefined":9,"s:80:8:95:Infinity":41,"b:81:12:84:Infinity:undefined:undefined:undefined:undefined":10,"s:81:12:84:Infinity":42,"s:82:16:82:Infinity":43,"s:83:16:83:Infinity":44,"b:85:12:85:Infinity:undefined:undefined:undefined:undefined":11,"s:85:12:85:Infinity":45,"s:85:96:85:Infinity":46,"s:88:12:88:Infinity":47,"s:91:42:91:Infinity":48,"s:92:12:92:Infinity":49,"s:94:12:94:Infinity":50,"s:96:8:96:Infinity":51,"s:98:8:98:Infinity":52,"s:108:4:294:Infinity":53,"f:120:67:120:73":6,"s:120:73:120:98":54,"f:122:67:122:73":7,"s:122:73:122:97":55,"f:160:31:160:32":8,"s:161:20:168:Infinity":56,"b:164:63:164:78:164:78:164:Infinity":12,"b:188:13:188:Infinity:189:16:259:Infinity":13,"b:193:62:193:88:193:88:193:Infinity":14,"b:200:32:225:Infinity:227:32:246:Infinity":15,"b:204:47:204:66:204:66:204:Infinity":16,"f:205:50:205:51":9,"s:205:57:205:Infinity":57,"b:210:47:210:69:210:69:210:Infinity":17,"f:211:50:211:51":10,"s:211:57:211:Infinity":58,"b:216:47:216:65:216:65:216:Infinity":18,"f:217:50:217:51":11,"s:217:57:217:Infinity":59,"b:222:47:222:68:222:68:222:Infinity":19,"f:223:50:223:51":12,"s:223:57:223:Infinity":60,"b:231:47:231:66:231:66:231:Infinity":20,"f:232:50:232:51":13,"s:232:57:232:Infinity":61,"b:237:47:237:66:237:66:237:Infinity":21,"f:238:50:238:51":14,"s:238:57:238:Infinity":62,"b:242:47:242:71:242:71:242:Infinity":22,"f:243:50:243:51":15,"s:243:57:243:Infinity":63}}}
,"C:\\Users\\kiko\\Desktop\\pasteleria-react\\src\\components\\Carrito.jsx": {"path":"C:\\Users\\kiko\\Desktop\\pasteleria-react\\src\\components\\Carrito.jsx","statementMap":{"0":{"start":{"line":7,"column":16},"end":{"line":118,"column":null}},"1":{"start":{"line":8,"column":28},"end":{"line":8,"column":null}},"2":{"start":{"line":9,"column":40},"end":{"line":9,"column":null}},"3":{"start":{"line":10,"column":38},"end":{"line":10,"column":null}},"4":{"start":{"line":11,"column":8},"end":{"line":11,"column":null}},"5":{"start":{"line":13,"column":2},"end":{"line":17,"column":null}},"6":{"start":{"line":14,"column":16},"end":{"line":14,"column":null}},"7":{"start":{"line":15,"column":17},"end":{"line":15,"column":null}},"8":{"start":{"line":16,"column":4},"end":{"line":16,"column":null}},"9":{"start":{"line":19,"column":27},"end":{"line":23,"column":null}},"10":{"start":{"line":20,"column":25},"end":{"line":20,"column":null}},"11":{"start":{"line":20,"column":50},"end":{"line":20,"column":64}},"12":{"start":{"line":21,"column":4},"end":{"line":21,"column":null}},"13":{"start":{"line":22,"column":4},"end":{"line":22,"column":null}},"14":{"start":{"line":25,"column":27},"end":{"line":28,"column":null}},"15":{"start":{"line":26,"column":21},"end":{"line":26,"column":null}},"16":{"start":{"line":26,"column":43},"end":{"line":26,"column":54}},"17":{"start":{"line":27,"column":4},"end":{"line":27,"column":null}},"18":{"start":{"line":30,"column":16},"end":{"line":33,"column":null}},"19":{"start":{"line":31,"column":19},"end":{"line":31,"column":null}},"20":{"start":{"line":35,"column":26},"end":{"line":40,"column":null}},"21":{"start":{"line":36,"column":4},"end":{"line":36,"column":null}},"22":{"start":{"line":37,"column":4},"end":{"line":37,"column":null}},"23":{"start":{"line":38,"column":4},"end":{"line":38,"column":null}},"24":{"start":{"line":39,"column":4},"end":{"line":39,"column":null}},"25":{"start":{"line":42,"column":2},"end":{"line":116,"column":null}},"26":{"start":{"line":64,"column":33},"end":{"line":64,"column":null}},"27":{"start":{"line":64,"column":55},"end":{"line":64,"column":71}},"28":{"start":{"line":65,"column":16},"end":{"line":65,"column":null}},"29":{"start":{"line":65,"column":31},"end":{"line":65,"column":null}},"30":{"start":{"line":66,"column":16},"end":{"line":89,"column":null}},"31":{"start":{"line":84,"column":39},"end":{"line":84,"column":null}},"32":{"start":{"line":113,"column":41},"end":{"line":113,"column":56}}},"fnMap":{"0":{"name":"(anonymous_0)","decl":{"start":{"line":7,"column":16},"end":{"line":7,"column":22}},"loc":{"start":{"line":7,"column":22},"end":{"line":118,"column":null}},"line":7},"1":{"name":"(anonymous_1)","decl":{"start":{"line":13,"column":12},"end":{"line":13,"column":18}},"loc":{"start":{"line":13,"column":18},"end":{"line":17,"column":5}},"line":13},"2":{"name":"(anonymous_2)","decl":{"start":{"line":19,"column":27},"end":{"line":19,"column":28}},"loc":{"start":{"line":19,"column":35},"end":{"line":23,"column":null}},"line":19},"3":{"name":"(anonymous_3)","decl":{"start":{"line":20,"column":40},"end":{"line":20,"column":41}},"loc":{"start":{"line":20,"column":50},"end":{"line":20,"column":64}},"line":20},"4":{"name":"(anonymous_4)","decl":{"start":{"line":25,"column":27},"end":{"line":25,"column":28}},"loc":{"start":{"line":25,"column":45},"end":{"line":28,"column":null}},"line":25},"5":{"name":"(anonymous_5)","decl":{"start":{"line":26,"column":36},"end":{"line":26,"column":37}},"loc":{"start":{"line":26,"column":43},"end":{"line":26,"column":54}},"line":26},"6":{"name":"(anonymous_6)","decl":{"start":{"line":31,"column":4},"end":{"line":31,"column":5}},"loc":{"start":{"line":31,"column":19},"end":{"line":31,"column":null}},"line":31},"7":{"name":"(anonymous_7)","decl":{"start":{"line":35,"column":26},"end":{"line":35,"column":32}},"loc":{"start":{"line":35,"column":32},"end":{"line":40,"column":null}},"line":35},"8":{"name":"(anonymous_8)","decl":{"start":{"line":63,"column":26},"end":{"line":63,"column":27}},"loc":{"start":{"line":63,"column":36},"end":{"line":91,"column":15}},"line":63},"9":{"name":"(anonymous_9)","decl":{"start":{"line":64,"column":48},"end":{"line":64,"column":49}},"loc":{"start":{"line":64,"column":55},"end":{"line":64,"column":71}},"line":64},"10":{"name":"(anonymous_10)","decl":{"start":{"line":84,"column":33},"end":{"line":84,"column":39}},"loc":{"start":{"line":84,"column":39},"end":{"line":84,"column":null}},"line":84},"11":{"name":"(anonymous_11)","decl":{"start":{"line":113,"column":35},"end":{"line":113,"column":41}},"loc":{"start":{"line":113,"column":41},"end":{"line":113,"column":56}},"line":113}},"branchMap":{"0":{"loc":{"start":{"line":15,"column":17},"end":{"line":15,"column":null}},"type":"cond-expr","locations":[{"start":{"line":15,"column":23},"end":{"line":15,"column":41}},{"start":{"line":15,"column":41},"end":{"line":15,"column":null}}],"line":15},"1":{"loc":{"start":{"line":27,"column":11},"end":{"line":27,"column":null}},"type":"cond-expr","locations":[{"start":{"line":27,"column":22},"end":{"line":27,"column":51}},{"start":{"line":27,"column":51},"end":{"line":27,"column":null}}],"line":27},"2":{"loc":{"start":{"line":58,"column":13},"end":{"line":91,"column":null}},"type":"cond-expr","locations":[{"start":{"line":59,"column":14},"end":{"line":61,"column":null}},{"start":{"line":63,"column":14},"end":{"line":91,"column":null}}],"line":58},"3":{"loc":{"start":{"line":65,"column":16},"end":{"line":65,"column":null}},"type":"if","locations":[{"start":{"line":65,"column":16},"end":{"line":65,"column":null}},{"start":{},"end":{}}],"line":65},"4":{"loc":{"start":{"line":107,"column":9},"end":{"line":110,"column":null}},"type":"binary-expr","locations":[{"start":{"line":107,"column":9},"end":{"line":107,"column":null}},{"start":{"line":108,"column":10},"end":{"line":110,"column":null}}],"line":107},"5":{"loc":{"start":{"line":112,"column":9},"end":{"line":113,"column":null}},"type":"binary-expr","locations":[{"start":{"line":112,"column":9},"end":{"line":112,"column":null}},{"start":{"line":113,"column":10},"end":{"line":113,"column":null}}],"line":112}},"s":{"0":1,"1":5,"2":5,"3":5,"4":5,"5":5,"6":2,"7":2,"8":2,"9":5,"10":1,"11":1,"12":1,"13":1,"14":5,"15":2,"16":2,"17":2,"18":5,"19":1,"20":5,"21":0,"22":0,"23":0,"24":0,"25":5,"26":1,"27":1,"28":1,"29":0,"30":1,"31":1,"32":0},"f":{"0":5,"1":2,"2":1,"3":1,"4":2,"5":2,"6":1,"7":0,"8":1,"9":1,"10":1,"11":0},"b":{"0":[1,1],"1":[2,0],"2":[4,1],"3":[0,1],"4":[5,0],"5":[5,0]},"meta":{"lastBranch":6,"lastFunction":12,"lastStatement":33,"seen":{"s:7:16:118:Infinity":0,"f:7:16:7:22":0,"s:8:28:8:Infinity":1,"s:9:40:9:Infinity":2,"s:10:38:10:Infinity":3,"s:11:8:11:Infinity":4,"s:13:2:17:Infinity":5,"f:13:12:13:18":1,"s:14:16:14:Infinity":6,"s:15:17:15:Infinity":7,"b:15:23:15:41:15:41:15:Infinity":0,"s:16:4:16:Infinity":8,"s:19:27:23:Infinity":9,"f:19:27:19:28":2,"s:20:25:20:Infinity":10,"f:20:40:20:41":3,"s:20:50:20:64":11,"s:21:4:21:Infinity":12,"s:22:4:22:Infinity":13,"s:25:27:28:Infinity":14,"f:25:27:25:28":4,"s:26:21:26:Infinity":15,"f:26:36:26:37":5,"s:26:43:26:54":16,"s:27:4:27:Infinity":17,"b:27:22:27:51:27:51:27:Infinity":1,"s:30:16:33:Infinity":18,"f:31:4:31:5":6,"s:31:19:31:Infinity":19,"s:35:26:40:Infinity":20,"f:35:26:35:32":7,"s:36:4:36:Infinity":21,"s:37:4:37:Infinity":22,"s:38:4:38:Infinity":23,"s:39:4:39:Infinity":24,"s:42:2:116:Infinity":25,"b:59:14:61:Infinity:63:14:91:Infinity":2,"f:63:26:63:27":8,"s:64:33:64:Infinity":26,"f:64:48:64:49":9,"s:64:55:64:71":27,"b:65:16:65:Infinity:undefined:undefined:undefined:undefined":3,"s:65:16:65:Infinity":28,"s:65:31:65:Infinity":29,"s:66:16:89:Infinity":30,"f:84:33:84:39":10,"s:84:39:84:Infinity":31,"b:107:9:107:Infinity:108:10:110:Infinity":4,"b:112:9:112:Infinity:113:10:113:Infinity":5,"f:113:35:113:41":11,"s:113:41:113:56":32}}}
,"C:\\Users\\kiko\\Desktop\\pasteleria-react\\src\\components\\CompraExitosa.jsx": {"path":"C:\\Users\\kiko\\Desktop\\pasteleria-react\\src\\components\\CompraExitosa.jsx","statementMap":{"0":{"start":{"line":5,"column":22},"end":{"line":48,"column":null}},"1":{"start":{"line":6,"column":24},"end":{"line":6,"column":null}},"2":{"start":{"line":7,"column":22},"end":{"line":7,"column":null}},"3":{"start":{"line":9,"column":2},"end":{"line":13,"column":null}},"4":{"start":{"line":10,"column":21},"end":{"line":10,"column":null}},"5":{"start":{"line":10,"column":27},"end":{"line":10,"column":null}},"6":{"start":{"line":11,"column":4},"end":{"line":11,"column":null}},"7":{"start":{"line":12,"column":4},"end":{"line":12,"column":null}},"8":{"start":{"line":12,"column":17},"end":{"line":12,"column":null}},"9":{"start":{"line":15,"column":2},"end":{"line":22,"column":null}},"10":{"start":{"line":16,"column":4},"end":{"line":19,"column":null}},"11":{"start":{"line":17,"column":6},"end":{"line":17,"column":null}},"12":{"start":{"line":17,"column":20},"end":{"line":17,"column":null}},"13":{"start":{"line":18,"column":6},"end":{"line":18,"column":null}},"14":{"start":{"line":20,"column":15},"end":{"line":20,"column":null}},"15":{"start":{"line":20,"column":32},"end":{"line":20,"column":56}},"16":{"start":{"line":20,"column":48},"end":{"line":20,"column":53}},"17":{"start":{"line":21,"column":4},"end":{"line":21,"column":null}},"18":{"start":{"line":21,"column":17},"end":{"line":21,"column":null}},"19":{"start":{"line":24,"column":2},"end":{"line":46,"column":null}},"20":{"start":{"line":41,"column":25},"end":{"line":41,"column":null}}},"fnMap":{"0":{"name":"(anonymous_0)","decl":{"start":{"line":5,"column":22},"end":{"line":5,"column":23}},"loc":{"start":{"line":5,"column":54},"end":{"line":48,"column":null}},"line":5},"1":{"name":"(anonymous_1)","decl":{"start":{"line":9,"column":12},"end":{"line":9,"column":18}},"loc":{"start":{"line":9,"column":18},"end":{"line":13,"column":5}},"line":9},"2":{"name":"(anonymous_2)","decl":{"start":{"line":10,"column":21},"end":{"line":10,"column":27}},"loc":{"start":{"line":10,"column":27},"end":{"line":10,"column":null}},"line":10},"3":{"name":"(anonymous_3)","decl":{"start":{"line":12,"column":11},"end":{"line":12,"column":17}},"loc":{"start":{"line":12,"column":17},"end":{"line":12,"column":null}},"line":12},"4":{"name":"(anonymous_4)","decl":{"start":{"line":15,"column":12},"end":{"line":15,"column":18}},"loc":{"start":{"line":15,"column":18},"end":{"line":22,"column":5}},"line":15},"5":{"name":"(anonymous_5)","decl":{"start":{"line":20,"column":26},"end":{"line":20,"column":32}},"loc":{"start":{"line":20,"column":32},"end":{"line":20,"column":56}},"line":20},"6":{"name":"(anonymous_6)","decl":{"start":{"line":20,"column":41},"end":{"line":20,"column":42}},"loc":{"start":{"line":20,"column":48},"end":{"line":20,"column":53}},"line":20},"7":{"name":"(anonymous_7)","decl":{"start":{"line":21,"column":11},"end":{"line":21,"column":17}},"loc":{"start":{"line":21,"column":17},"end":{"line":21,"column":null}},"line":21},"8":{"name":"(anonymous_8)","decl":{"start":{"line":41,"column":19},"end":{"line":41,"column":25}},"loc":{"start":{"line":41,"column":25},"end":{"line":41,"column":null}},"line":41}},"branchMap":{"0":{"loc":{"start":{"line":5,"column":25},"end":{"line":5,"column":39}},"type":"default-arg","locations":[{"start":{"line":5,"column":36},"end":{"line":5,"column":39}}],"line":5},"1":{"loc":{"start":{"line":16,"column":4},"end":{"line":19,"column":null}},"type":"if","locations":[{"start":{"line":16,"column":4},"end":{"line":19,"column":null}},{"start":{},"end":{}}],"line":16},"2":{"loc":{"start":{"line":17,"column":6},"end":{"line":17,"column":null}},"type":"if","locations":[{"start":{"line":17,"column":6},"end":{"line":17,"column":null}},{"start":{},"end":{}}],"line":17},"3":{"loc":{"start":{"line":41,"column":25},"end":{"line":41,"column":null}},"type":"binary-expr","locations":[{"start":{"line":41,"column":25},"end":{"line":41,"column":37}},{"start":{"line":41,"column":37},"end":{"line":41,"column":null}}],"line":41}},"s":{"0":2,"1":6,"2":6,"3":6,"4":3,"5":0,"6":3,"7":3,"8":3,"9":6,"10":6,"11":1,"12":1,"13":1,"14":5,"15":3,"16":3,"17":5,"18":5,"19":6,"20":1},"f":{"0":6,"1":3,"2":0,"3":3,"4":6,"5":3,"6":3,"7":5,"8":1},"b":{"0":[6],"1":[1,5],"2":[1,0],"3":[1,1]},"meta":{"lastBranch":4,"lastFunction":9,"lastStatement":21,"seen":{"s:5:22:48:Infinity":0,"f:5:22:5:23":0,"b:5:36:5:39":0,"s:6:24:6:Infinity":1,"s:7:22:7:Infinity":2,"s:9:2:13:Infinity":3,"f:9:12:9:18":1,"s:10:21:10:Infinity":4,"f:10:21:10:27":2,"s:10:27:10:Infinity":5,"s:11:4:11:Infinity":6,"s:12:4:12:Infinity":7,"f:12:11:12:17":3,"s:12:17:12:Infinity":8,"s:15:2:22:Infinity":9,"f:15:12:15:18":4,"b:16:4:19:Infinity:undefined:undefined:undefined:undefined":1,"s:16:4:19:Infinity":10,"b:17:6:17:Infinity:undefined:undefined:undefined:undefined":2,"s:17:6:17:Infinity":11,"s:17:20:17:Infinity":12,"s:18:6:18:Infinity":13,"s:20:15:20:Infinity":14,"f:20:26:20:32":5,"s:20:32:20:56":15,"f:20:41:20:42":6,"s:20:48:20:53":16,"s:21:4:21:Infinity":17,"f:21:11:21:17":7,"s:21:17:21:Infinity":18,"s:24:2:46:Infinity":19,"f:41:19:41:25":8,"s:41:25:41:Infinity":20,"b:41:25:41:37:41:37:41:Infinity":3}}}
,"C:\\Users\\kiko\\Desktop\\pasteleria-react\\src\\components\\Home.jsx": {"path":"C:\\Users\\kiko\\Desktop\\pasteleria-react\\src\\components\\Home.jsx","statementMap":{"0":{"start":{"line":5,"column":2},"end":{"line":144,"column":null}}},"fnMap":{"0":{"name":"Home","decl":{"start":{"line":4,"column":9},"end":{"line":4,"column":16}},"loc":{"start":{"line":4,"column":16},"end":{"line":146,"column":null}},"line":4}},"branchMap":{},"s":{"0":3},"f":{"0":3},"b":{},"meta":{"lastBranch":0,"lastFunction":1,"lastStatement":1,"seen":{"f:4:9:4:16":0,"s:5:2:144:Infinity":0}}}
,"C:\\Users\\kiko\\Desktop\\pasteleria-react\\src\\components\\Nosotros.jsx": {"path":"C:\\Users\\kiko\\Desktop\\pasteleria-react\\src\\components\\Nosotros.jsx","statementMap":{"0":{"start":{"line":7,"column":4},"end":{"line":84,"column":null}}},"fnMap":{"0":{"name":"Nosotros","decl":{"start":{"line":6,"column":9},"end":{"line":6,"column":20}},"loc":{"start":{"line":6,"column":20},"end":{"line":86,"column":null}},"line":6}},"branchMap":{},"s":{"0":1},"f":{"0":1},"b":{},"meta":{"lastBranch":0,"lastFunction":1,"lastStatement":1,"seen":{"f:6:9:6:20":0,"s:7:4:84:Infinity":0}}}
,"C:\\Users\\kiko\\Desktop\\pasteleria-react\\src\\components\\Productos.jsx": {"path":"C:\\Users\\kiko\\Desktop\\pasteleria-react\\src\\components\\Productos.jsx","statementMap":{"0":{"start":{"line":8,"column":34},"end":{"line":8,"column":null}},"1":{"start":{"line":9,"column":30},"end":{"line":9,"column":null}},"2":{"start":{"line":11,"column":20},"end":{"line":11,"column":null}},"3":{"start":{"line":13,"column":30},"end":{"line":16,"column":null}},"4":{"start":{"line":14,"column":4},"end":{"line":14,"column":null}},"5":{"start":{"line":15,"column":4},"end":{"line":15,"column":null}},"6":{"start":{"line":18,"column":8},"end":{"line":24,"column":null}},"7":{"start":{"line":19,"column":4},"end":{"line":23,"column":null}},"8":{"start":{"line":20,"column":23},"end":{"line":20,"column":null}},"9":{"start":{"line":21,"column":23},"end":{"line":21,"column":null}},"10":{"start":{"line":22,"column":6},"end":{"line":22,"column":null}},"11":{"start":{"line":26,"column":25},"end":{"line":26,"column":null}},"12":{"start":{"line":28,"column":3},"end":{"line":46,"column":null}}},"fnMap":{"0":{"name":"CatalogoProductos","decl":{"start":{"line":7,"column":9},"end":{"line":7,"column":29}},"loc":{"start":{"line":7,"column":29},"end":{"line":48,"column":null}},"line":7},"1":{"name":"(anonymous_1)","decl":{"start":{"line":13,"column":30},"end":{"line":13,"column":31}},"loc":{"start":{"line":13,"column":60},"end":{"line":16,"column":null}},"line":13},"2":{"name":"(anonymous_2)","decl":{"start":{"line":18,"column":37},"end":{"line":18,"column":43}},"loc":{"start":{"line":18,"column":43},"end":{"line":24,"column":5}},"line":18},"3":{"name":"(anonymous_3)","decl":{"start":{"line":19,"column":28},"end":{"line":19,"column":29}},"loc":{"start":{"line":19,"column":35},"end":{"line":23,"column":5}},"line":19}},"branchMap":{"0":{"loc":{"start":{"line":20,"column":23},"end":{"line":20,"column":null}},"type":"binary-expr","locations":[{"start":{"line":20,"column":23},"end":{"line":20,"column":50}},{"start":{"line":20,"column":50},"end":{"line":20,"column":null}}],"line":20},"1":{"loc":{"start":{"line":21,"column":23},"end":{"line":21,"column":null}},"type":"binary-expr","locations":[{"start":{"line":21,"column":23},"end":{"line":21,"column":48}},{"start":{"line":21,"column":48},"end":{"line":21,"column":null}}],"line":21},"2":{"loc":{"start":{"line":22,"column":13},"end":{"line":22,"column":null}},"type":"binary-expr","locations":[{"start":{"line":22,"column":13},"end":{"line":22,"column":25}},{"start":{"line":22,"column":25},"end":{"line":22,"column":null}}],"line":22}},"s":{"0":2,"1":2,"2":2,"3":2,"4":0,"5":0,"6":2,"7":2,"8":4,"9":4,"10":4,"11":2,"12":2},"f":{"0":2,"1":0,"2":2,"3":4},"b":{"0":[4,0],"1":[4,0],"2":[4,4]},"meta":{"lastBranch":3,"lastFunction":4,"lastStatement":13,"seen":{"f:7:9:7:29":0,"s:8:34:8:Infinity":0,"s:9:30:9:Infinity":1,"s:11:20:11:Infinity":2,"s:13:30:16:Infinity":3,"f:13:30:13:31":1,"s:14:4:14:Infinity":4,"s:15:4:15:Infinity":5,"s:18:8:24:Infinity":6,"f:18:37:18:43":2,"s:19:4:23:Infinity":7,"f:19:28:19:29":3,"s:20:23:20:Infinity":8,"b:20:23:20:50:20:50:20:Infinity":0,"s:21:23:21:Infinity":9,"b:21:23:21:48:21:48:21:Infinity":1,"s:22:6:22:Infinity":10,"b:22:13:22:25:22:25:22:Infinity":2,"s:26:25:26:Infinity":11,"s:28:3:46:Infinity":12}}}
,"C:\\Users\\kiko\\Desktop\\pasteleria-react\\src\\components\\Registro.logic.js": {"path":"C:\\Users\\kiko\\Desktop\\pasteleria-react\\src\\components\\Registro.logic.js","statementMap":{"0":{"start":{"line":5,"column":0},"end":{"line":85,"column":50}},"1":{"start":{"line":7,"column":2},"end":{"line":9,"column":3}},"2":{"start":{"line":8,"column":4},"end":{"line":8,"column":11}},"3":{"start":{"line":12,"column":16},"end":{"line":20,"column":3}},"4":{"start":{"line":24,"column":4},"end":{"line":24,"column":43}},"5":{"start":{"line":30,"column":15},"end":{"line":30,"column":42}},"6":{"start":{"line":31,"column":4},"end":{"line":34,"column":5}},"7":{"start":{"line":33,"column":6},"end":{"line":33,"column":18}},"8":{"start":{"line":35,"column":4},"end":{"line":35,"column":44}},"9":{"start":{"line":36,"column":4},"end":{"line":36,"column":16}},"10":{"start":{"line":42,"column":15},"end":{"line":42,"column":42}},"11":{"start":{"line":43,"column":4},"end":{"line":45,"column":5}},"12":{"start":{"line":44,"column":6},"end":{"line":44,"column":18}},"13":{"start":{"line":46,"column":4},"end":{"line":46,"column":40}},"14":{"start":{"line":47,"column":4},"end":{"line":47,"column":16}},"15":{"start":{"line":53,"column":4},"end":{"line":53,"column":26}},"16":{"start":{"line":60,"column":12},"end":{"line":60,"column":27}},"17":{"start":{"line":62,"column":4},"end":{"line":64,"column":5}},"18":{"start":{"line":63,"column":6},"end":{"line":63,"column":76}},"19":{"start":{"line":66,"column":4},"end":{"line":68,"column":5}},"20":{"start":{"line":67,"column":6},"end":{"line":67,"column":69}},"21":{"start":{"line":70,"column":19},"end":{"line":70,"column":62}},"22":{"start":{"line":71,"column":4},"end":{"line":71,"column":88}},"23":{"start":{"line":75,"column":2},"end":{"line":84,"column":4}},"24":{"start":{"line":77,"column":32},"end":{"line":77,"column":54}}},"fnMap":{"0":{"name":"(anonymous_0)","decl":{"start":{"line":5,"column":1},"end":{"line":5,"column":9}},"loc":{"start":{"line":5,"column":19},"end":{"line":85,"column":1}},"line":5},"1":{"name":"clone","decl":{"start":{"line":23,"column":11},"end":{"line":23,"column":16}},"loc":{"start":{"line":23,"column":22},"end":{"line":25,"column":3}},"line":23},"2":{"name":"handleChange","decl":{"start":{"line":29,"column":11},"end":{"line":29,"column":23}},"loc":{"start":{"line":29,"column":48},"end":{"line":37,"column":3}},"line":29},"3":{"name":"togglePassword","decl":{"start":{"line":41,"column":11},"end":{"line":41,"column":25}},"loc":{"start":{"line":41,"column":44},"end":{"line":48,"column":3}},"line":41},"4":{"name":"resetForm","decl":{"start":{"line":52,"column":11},"end":{"line":52,"column":20}},"loc":{"start":{"line":52,"column":23},"end":{"line":54,"column":3}},"line":52},"5":{"name":"validateSubmit","decl":{"start":{"line":59,"column":11},"end":{"line":59,"column":25}},"loc":{"start":{"line":59,"column":37},"end":{"line":72,"column":3}},"line":59},"6":{"name":"(anonymous_6)","decl":{"start":{"line":77,"column":4},"end":{"line":77,"column":16}},"loc":{"start":{"line":77,"column":30},"end":{"line":77,"column":56}},"line":77}},"branchMap":{"0":{"loc":{"start":{"line":7,"column":2},"end":{"line":9,"column":3}},"type":"if","locations":[{"start":{"line":7,"column":2},"end":{"line":9,"column":3}},{"start":{},"end":{}}],"line":7},"1":{"loc":{"start":{"line":30,"column":21},"end":{"line":30,"column":41}},"type":"binary-expr","locations":[{"start":{"line":30,"column":21},"end":{"line":30,"column":30}},{"start":{"line":30,"column":34},"end":{"line":30,"column":41}}],"line":30},"2":{"loc":{"start":{"line":31,"column":4},"end":{"line":34,"column":5}},"type":"if","locations":[{"start":{"line":31,"column":4},"end":{"line":34,"column":5}},{"start":{},"end":{}}],"line":31},"3":{"loc":{"start":{"line":31,"column":8},"end":{"line":31,"column":41}},"type":"binary-expr","locations":[{"start":{"line":31,"column":8},"end":{"line":31,"column":32}},{"start":{"line":31,"column":36},"end":{"line":31,"column":41}}],"line":31},"4":{"loc":{"start":{"line":35,"column":17},"end":{"line":35,"column":43}},"type":"cond-expr","locations":[{"start":{"line":35,"column":33},"end":{"line":35,"column":35}},{"start":{"line":35,"column":38},"end":{"line":35,"column":43}}],"line":35},"5":{"loc":{"start":{"line":42,"column":21},"end":{"line":42,"column":41}},"type":"binary-expr","locations":[{"start":{"line":42,"column":21},"end":{"line":42,"column":30}},{"start":{"line":42,"column":34},"end":{"line":42,"column":41}}],"line":42},"6":{"loc":{"start":{"line":43,"column":4},"end":{"line":45,"column":5}},"type":"if","locations":[{"start":{"line":43,"column":4},"end":{"line":45,"column":5}},{"start":{},"end":{}}],"line":43},"7":{"loc":{"start":{"line":43,"column":8},"end":{"line":43,"column":67}},"type":"binary-expr","locations":[{"start":{"line":43,"column":8},"end":{"line":43,"column":32}},{"start":{"line":43,"column":36},"end":{"line":43,"column":67}}],"line":43},"8":{"loc":{"start":{"line":60,"column":12},"end":{"line":60,"column":27}},"type":"binary-expr","locations":[{"start":{"line":60,"column":12},"end":{"line":60,"column":21}},{"start":{"line":60,"column":25},"end":{"line":60,"column":27}}],"line":60},"9":{"loc":{"start":{"line":62,"column":4},"end":{"line":64,"column":5}},"type":"if","locations":[{"start":{"line":62,"column":4},"end":{"line":64,"column":5}},{"start":{},"end":{}}],"line":62},"10":{"loc":{"start":{"line":62,"column":8},"end":{"line":62,"column":81}},"type":"binary-expr","locations":[{"start":{"line":62,"column":8},"end":{"line":62,"column":17}},{"start":{"line":62,"column":21},"end":{"line":62,"column":32}},{"start":{"line":62,"column":36},"end":{"line":62,"column":44}},{"start":{"line":62,"column":48},"end":{"line":62,"column":59}},{"start":{"line":62,"column":63},"end":{"line":62,"column":81}}],"line":62},"11":{"loc":{"start":{"line":66,"column":4},"end":{"line":68,"column":5}},"type":"if","locations":[{"start":{"line":66,"column":4},"end":{"line":68,"column":5}},{"start":{},"end":{}}],"line":66},"12":{"loc":{"start":{"line":70,"column":20},"end":{"line":70,"column":34}},"type":"binary-expr","locations":[{"start":{"line":70,"column":20},"end":{"line":70,"column":28}},{"start":{"line":70,"column":32},"end":{"line":70,"column":34}}],"line":70},"13":{"loc":{"start":{"line":70,"column":45},"end":{"line":70,"column":61}},"type":"binary-expr","locations":[{"start":{"line":70,"column":45},"end":{"line":70,"column":55}},{"start":{"line":70,"column":59},"end":{"line":70,"column":61}}],"line":70},"14":{"loc":{"start":{"line":85,"column":3},"end":{"line":85,"column":48}},"type":"cond-expr","locations":[{"start":{"line":85,"column":35},"end":{"line":85,"column":41}},{"start":{"line":85,"column":44},"end":{"line":85,"column":48}}],"line":85}},"s":{"0":1,"1":1,"2":0,"3":1,"4":26,"5":3,"6":3,"7":1,"8":2,"9":3,"10":3,"11":3,"12":1,"13":2,"14":2,"15":4,"16":3,"17":3,"18":1,"19":2,"20":1,"21":1,"22":3,"23":1,"24":16},"f":{"0":1,"1":26,"2":3,"3":3,"4":4,"5":3,"6":1},"b":{"0":[0,1],"1":[3,0],"2":[1,2],"3":[3,2],"4":[1,1],"5":[3,0],"6":[1,2],"7":[3,2],"8":[3,0],"9":[1,2],"10":[3,2,2,2,2],"11":[1,1],"12":[1,0],"13":[3,0],"14":[1,0]},"meta":{"lastBranch":15,"lastFunction":7,"lastStatement":25,"seen":{"s:5:0:85:50":0,"f:5:1:5:9":0,"b:7:2:9:3:undefined:undefined:undefined:undefined":0,"s:7:2:9:3":1,"s:8:4:8:11":2,"s:12:16:20:3":3,"f:23:11:23:16":1,"s:24:4:24:43":4,"f:29:11:29:23":2,"s:30:15:30:42":5,"b:30:21:30:30:30:34:30:41":1,"b:31:4:34:5:undefined:undefined:undefined:undefined":2,"s:31:4:34:5":6,"b:31:8:31:32:31:36:31:41":3,"s:33:6:33:18":7,"s:35:4:35:44":8,"b:35:33:35:35:35:38:35:43":4,"s:36:4:36:16":9,"f:41:11:41:25":3,"s:42:15:42:42":10,"b:42:21:42:30:42:34:42:41":5,"b:43:4:45:5:undefined:undefined:undefined:undefined":6,"s:43:4:45:5":11,"b:43:8:43:32:43:36:43:67":7,"s:44:6:44:18":12,"s:46:4:46:40":13,"s:47:4:47:16":14,"f:52:11:52:20":4,"s:53:4:53:26":15,"f:59:11:59:25":5,"s:60:12:60:27":16,"b:60:12:60:21:60:25:60:27":8,"b:62:4:64:5:undefined:undefined:undefined:undefined":9,"s:62:4:64:5":17,"b:62:8:62:17:62:21:62:32:62:36:62:44:62:48:62:59:62:63:62:81":10,"s:63:6:63:76":18,"b:66:4:68:5:undefined:undefined:undefined:undefined":11,"s:66:4:68:5":19,"s:67:6:67:69":20,"s:70:19:70:62":21,"b:70:20:70:28:70:32:70:34":12,"b:70:45:70:55:70:59:70:61":13,"s:71:4:71:88":22,"s:75:2:84:4":23,"f:77:4:77:16":6,"s:77:32:77:54":24,"b:85:35:85:41:85:44:85:48":14}}}
,"C:\\Users\\kiko\\Desktop\\pasteleria-react\\src\\components\\RenderProductos.jsx": {"path":"C:\\Users\\kiko\\Desktop\\pasteleria-react\\src\\components\\RenderProductos.jsx","statementMap":{"0":{"start":{"line":6,"column":2},"end":{"line":8,"column":null}},"1":{"start":{"line":7,"column":4},"end":{"line":7,"column":null}},"2":{"start":{"line":10,"column":2},"end":{"line":15,"column":null}},"3":{"start":{"line":13,"column":8},"end":{"line":13,"column":null}}},"fnMap":{"0":{"name":"RenderProductos","decl":{"start":{"line":5,"column":9},"end":{"line":5,"column":25}},"loc":{"start":{"line":5,"column":40},"end":{"line":17,"column":null}},"line":5},"1":{"name":"(anonymous_1)","decl":{"start":{"line":12,"column":21},"end":{"line":12,"column":22}},"loc":{"start":{"line":13,"column":8},"end":{"line":13,"column":null}},"line":13}},"branchMap":{"0":{"loc":{"start":{"line":6,"column":2},"end":{"line":8,"column":null}},"type":"if","locations":[{"start":{"line":6,"column":2},"end":{"line":8,"column":null}},{"start":{},"end":{}}],"line":6},"1":{"loc":{"start":{"line":6,"column":6},"end":{"line":6,"column":44}},"type":"binary-expr","locations":[{"start":{"line":6,"column":6},"end":{"line":6,"column":20}},{"start":{"line":6,"column":20},"end":{"line":6,"column":44}}],"line":6}},"s":{"0":4,"1":1,"2":3,"3":6},"f":{"0":4,"1":6},"b":{"0":[1,3],"1":[4,4]},"meta":{"lastBranch":2,"lastFunction":2,"lastStatement":4,"seen":{"f:5:9:5:25":0,"b:6:2:8:Infinity:undefined:undefined:undefined:undefined":0,"s:6:2:8:Infinity":0,"b:6:6:6:20:6:20:6:44":1,"s:7:4:7:Infinity":1,"s:10:2:15:Infinity":2,"f:12:21:12:22":1,"s:13:8:13:Infinity":3}}}
,"C:\\Users\\kiko\\Desktop\\pasteleria-react\\src\\components\\TarjetaProducto.jsx": {"path":"C:\\Users\\kiko\\Desktop\\pasteleria-react\\src\\components\\TarjetaProducto.jsx","statementMap":{"0":{"start":{"line":5,"column":2},"end":{"line":16,"column":null}}},"fnMap":{"0":{"name":"TarjetaProducto","decl":{"start":{"line":4,"column":9},"end":{"line":4,"column":25}},"loc":{"start":{"line":4,"column":39},"end":{"line":18,"column":null}},"line":4}},"branchMap":{},"s":{"0":7},"f":{"0":7},"b":{},"meta":{"lastBranch":0,"lastFunction":1,"lastStatement":1,"seen":{"f:4:9:4:25":0,"s:5:2:16:Infinity":0}}}
,"C:\\Users\\kiko\\Desktop\\pasteleria-react\\src\\components\\dataProductos.js": {"path":"C:\\Users\\kiko\\Desktop\\pasteleria-react\\src\\components\\dataProductos.js","statementMap":{"0":{"start":{"line":2,"column":25},"end":{"line":147,"column":1}}},"fnMap":{},"branchMap":{},"s":{"0":3},"f":{},"b":{},"meta":{"lastBranch":0,"lastFunction":0,"lastStatement":1,"seen":{"s:2:25:147:1":0}}}
,"C:\\Users\\kiko\\Desktop\\pasteleria-react\\src\\components\\login.jsx": {"path":"C:\\Users\\kiko\\Desktop\\pasteleria-react\\src\\components\\login.jsx","statementMap":{"0":{"start":{"line":7,"column":10},"end":{"line":7,"column":null}},"1":{"start":{"line":8,"column":26},"end":{"line":8,"column":null}},"2":{"start":{"line":9,"column":32},"end":{"line":9,"column":null}},"3":{"start":{"line":10,"column":40},"end":{"line":10,"column":null}},"4":{"start":{"line":11,"column":26},"end":{"line":11,"column":null}},"5":{"start":{"line":13,"column":25},"end":{"line":35,"column":null}},"6":{"start":{"line":14,"column":4},"end":{"line":14,"column":null}},"7":{"start":{"line":15,"column":4},"end":{"line":15,"column":null}},"8":{"start":{"line":17,"column":4},"end":{"line":20,"column":null}},"9":{"start":{"line":18,"column":8},"end":{"line":18,"column":null}},"10":{"start":{"line":19,"column":8},"end":{"line":19,"column":null}},"11":{"start":{"line":22,"column":4},"end":{"line":34,"column":null}},"12":{"start":{"line":24,"column":8},"end":{"line":31,"column":null}},"13":{"start":{"line":25,"column":12},"end":{"line":25,"column":null}},"14":{"start":{"line":26,"column":12},"end":{"line":26,"column":null}},"15":{"start":{"line":29,"column":12},"end":{"line":29,"column":null}},"16":{"start":{"line":30,"column":12},"end":{"line":30,"column":null}},"17":{"start":{"line":33,"column":8},"end":{"line":33,"column":null}},"18":{"start":{"line":37,"column":24},"end":{"line":42,"column":null}},"19":{"start":{"line":38,"column":8},"end":{"line":38,"column":null}},"20":{"start":{"line":39,"column":8},"end":{"line":39,"column":null}},"21":{"start":{"line":40,"column":8},"end":{"line":40,"column":null}},"22":{"start":{"line":41,"column":8},"end":{"line":41,"column":null}},"23":{"start":{"line":44,"column":4},"end":{"line":100,"column":null}},"24":{"start":{"line":62,"column":45},"end":{"line":62,"column":null}},"25":{"start":{"line":73,"column":49},"end":{"line":73,"column":null}},"26":{"start":{"line":78,"column":47},"end":{"line":78,"column":null}}},"fnMap":{"0":{"name":"Login","decl":{"start":{"line":6,"column":9},"end":{"line":6,"column":17}},"loc":{"start":{"line":6,"column":17},"end":{"line":102,"column":null}},"line":6},"1":{"name":"(anonymous_1)","decl":{"start":{"line":13,"column":25},"end":{"line":13,"column":26}},"loc":{"start":{"line":13,"column":32},"end":{"line":35,"column":null}},"line":13},"2":{"name":"(anonymous_2)","decl":{"start":{"line":37,"column":24},"end":{"line":37,"column":30}},"loc":{"start":{"line":37,"column":30},"end":{"line":42,"column":null}},"line":37},"3":{"name":"(anonymous_3)","decl":{"start":{"line":62,"column":38},"end":{"line":62,"column":39}},"loc":{"start":{"line":62,"column":45},"end":{"line":62,"column":null}},"line":62},"4":{"name":"(anonymous_4)","decl":{"start":{"line":73,"column":42},"end":{"line":73,"column":43}},"loc":{"start":{"line":73,"column":49},"end":{"line":73,"column":null}},"line":73},"5":{"name":"(anonymous_5)","decl":{"start":{"line":78,"column":41},"end":{"line":78,"column":47}},"loc":{"start":{"line":78,"column":47},"end":{"line":78,"column":null}},"line":78}},"branchMap":{"0":{"loc":{"start":{"line":17,"column":4},"end":{"line":20,"column":null}},"type":"if","locations":[{"start":{"line":17,"column":4},"end":{"line":20,"column":null}},{"start":{},"end":{}}],"line":17},"1":{"loc":{"start":{"line":17,"column":8},"end":{"line":17,"column":29}},"type":"binary-expr","locations":[{"start":{"line":17,"column":8},"end":{"line":17,"column":18}},{"start":{"line":17,"column":18},"end":{"line":17,"column":29}}],"line":17},"2":{"loc":{"start":{"line":22,"column":4},"end":{"line":34,"column":null}},"type":"if","locations":[{"start":{"line":22,"column":4},"end":{"line":34,"column":null}},{"start":{"line":32,"column":11},"end":{"line":34,"column":null}}],"line":22},"3":{"loc":{"start":{"line":24,"column":8},"end":{"line":31,"column":null}},"type":"if","locations":[{"start":{"line":24,"column":8},"end":{"line":31,"column":null}},{"start":{"line":28,"column":15},"end":{"line":31,"column":null}}],"line":24},"4":{"loc":{"start":{"line":53,"column":17},"end":{"line":53,"column":null}},"type":"binary-expr","locations":[{"start":{"line":53,"column":17},"end":{"line":53,"column":26}},{"start":{"line":53,"column":26},"end":{"line":53,"column":null}}],"line":53},"5":{"loc":{"start":{"line":70,"column":38},"end":{"line":70,"column":null}},"type":"cond-expr","locations":[{"start":{"line":70,"column":53},"end":{"line":70,"column":62}},{"start":{"line":70,"column":62},"end":{"line":70,"column":null}}],"line":70},"6":{"loc":{"start":{"line":80,"column":33},"end":{"line":80,"column":null}},"type":"cond-expr","locations":[{"start":{"line":80,"column":48},"end":{"line":80,"column":55}},{"start":{"line":80,"column":55},"end":{"line":80,"column":null}}],"line":80}},"s":{"0":10,"1":10,"2":10,"3":10,"4":10,"5":10,"6":2,"7":2,"8":2,"9":0,"10":0,"11":2,"12":1,"13":0,"14":0,"15":1,"16":1,"17":1,"18":10,"19":0,"20":0,"21":0,"22":0,"23":10,"24":2,"25":2,"26":0},"f":{"0":10,"1":2,"2":0,"3":2,"4":2,"5":0},"b":{"0":[0,2],"1":[2,2],"2":[1,1],"3":[0,1],"4":[10,1],"5":[0,10],"6":[0,10]},"meta":{"lastBranch":7,"lastFunction":6,"lastStatement":27,"seen":{"f:6:9:6:17":0,"s:7:10:7:Infinity":0,"s:8:26:8:Infinity":1,"s:9:32:9:Infinity":2,"s:10:40:10:Infinity":3,"s:11:26:11:Infinity":4,"s:13:25:35:Infinity":5,"f:13:25:13:26":1,"s:14:4:14:Infinity":6,"s:15:4:15:Infinity":7,"b:17:4:20:Infinity:undefined:undefined:undefined:undefined":0,"s:17:4:20:Infinity":8,"b:17:8:17:18:17:18:17:29":1,"s:18:8:18:Infinity":9,"s:19:8:19:Infinity":10,"b:22:4:34:Infinity:32:11:34:Infinity":2,"s:22:4:34:Infinity":11,"b:24:8:31:Infinity:28:15:31:Infinity":3,"s:24:8:31:Infinity":12,"s:25:12:25:Infinity":13,"s:26:12:26:Infinity":14,"s:29:12:29:Infinity":15,"s:30:12:30:Infinity":16,"s:33:8:33:Infinity":17,"s:37:24:42:Infinity":18,"f:37:24:37:30":2,"s:38:8:38:Infinity":19,"s:39:8:39:Infinity":20,"s:40:8:40:Infinity":21,"s:41:8:41:Infinity":22,"s:44:4:100:Infinity":23,"b:53:17:53:26:53:26:53:Infinity":4,"f:62:38:62:39":3,"s:62:45:62:Infinity":24,"b:70:53:70:62:70:62:70:Infinity":5,"f:73:42:73:43":4,"s:73:49:73:Infinity":25,"f:78:41:78:47":5,"s:78:47:78:Infinity":26,"b:80:48:80:55:80:55:80:Infinity":6}}}
,"C:\\Users\\kiko\\Desktop\\pasteleria-react\\src\\components\\loginServicio.js": {"path":"C:\\Users\\kiko\\Desktop\\pasteleria-react\\src\\components\\loginServicio.js","statementMap":{"0":{"start":{"line":1,"column":28},"end":{"line":54,"column":1}},"1":{"start":{"line":12,"column":32},"end":{"line":12,"column":91}},"2":{"start":{"line":13,"column":30},"end":{"line":13,"column":83}},"3":{"start":{"line":16,"column":8},"end":{"line":16,"column":103}},"4":{"start":{"line":16,"column":45},"end":{"line":16,"column":101}},"5":{"start":{"line":21,"column":32},"end":{"line":21,"column":91}},"6":{"start":{"line":22,"column":8},"end":{"line":22,"column":69}},"7":{"start":{"line":27,"column":38},"end":{"line":27,"column":84}},"8":{"start":{"line":27,"column":76},"end":{"line":27,"column":83}},"9":{"start":{"line":28,"column":8},"end":{"line":30,"column":9}},"10":{"start":{"line":29,"column":12},"end":{"line":29,"column":75}},"11":{"start":{"line":32,"column":32},"end":{"line":32,"column":91}},"12":{"start":{"line":33,"column":31},"end":{"line":33,"column":89}},"13":{"start":{"line":33,"column":65},"end":{"line":33,"column":88}},"14":{"start":{"line":34,"column":8},"end":{"line":34,"column":80}},"15":{"start":{"line":35,"column":8},"end":{"line":35,"column":20}},"16":{"start":{"line":39,"column":32},"end":{"line":39,"column":91}},"17":{"start":{"line":42,"column":30},"end":{"line":42,"column":83}},"18":{"start":{"line":43,"column":23},"end":{"line":43,"column":77}},"19":{"start":{"line":43,"column":53},"end":{"line":43,"column":76}},"20":{"start":{"line":45,"column":8},"end":{"line":47,"column":9}},"21":{"start":{"line":46,"column":12},"end":{"line":46,"column":52}},"22":{"start":{"line":49,"column":29},"end":{"line":49,"column":48}},"23":{"start":{"line":50,"column":8},"end":{"line":50,"column":43}},"24":{"start":{"line":51,"column":8},"end":{"line":51,"column":81}},"25":{"start":{"line":52,"column":8},"end":{"line":52,"column":28}}},"fnMap":{"0":{"name":"(anonymous_0)","decl":{"start":{"line":10,"column":27},"end":{"line":10,"column":28}},"loc":{"start":{"line":10,"column":48},"end":{"line":17,"column":5}},"line":10},"1":{"name":"(anonymous_1)","decl":{"start":{"line":16,"column":34},"end":{"line":16,"column":41}},"loc":{"start":{"line":16,"column":45},"end":{"line":16,"column":101}},"line":16},"2":{"name":"(anonymous_2)","decl":{"start":{"line":20,"column":26},"end":{"line":20,"column":27}},"loc":{"start":{"line":20,"column":32},"end":{"line":23,"column":5}},"line":20},"3":{"name":"(anonymous_3)","decl":{"start":{"line":25,"column":21},"end":{"line":25,"column":22}},"loc":{"start":{"line":25,"column":32},"end":{"line":36,"column":5}},"line":25},"4":{"name":"(anonymous_4)","decl":{"start":{"line":27,"column":71},"end":{"line":27,"column":72}},"loc":{"start":{"line":27,"column":76},"end":{"line":27,"column":83}},"line":27},"5":{"name":"(anonymous_5)","decl":{"start":{"line":33,"column":54},"end":{"line":33,"column":61}},"loc":{"start":{"line":33,"column":65},"end":{"line":33,"column":88}},"line":33},"6":{"name":"(anonymous_6)","decl":{"start":{"line":38,"column":20},"end":{"line":38,"column":21}},"loc":{"start":{"line":38,"column":41},"end":{"line":53,"column":5}},"line":38},"7":{"name":"(anonymous_7)","decl":{"start":{"line":43,"column":42},"end":{"line":43,"column":49}},"loc":{"start":{"line":43,"column":53},"end":{"line":43,"column":76}},"line":43}},"branchMap":{"0":{"loc":{"start":{"line":12,"column":43},"end":{"line":12,"column":90}},"type":"binary-expr","locations":[{"start":{"line":12,"column":43},"end":{"line":12,"column":82}},{"start":{"line":12,"column":86},"end":{"line":12,"column":90}}],"line":12},"1":{"loc":{"start":{"line":16,"column":45},"end":{"line":16,"column":101}},"type":"binary-expr","locations":[{"start":{"line":16,"column":45},"end":{"line":16,"column":68}},{"start":{"line":16,"column":72},"end":{"line":16,"column":101}}],"line":16},"2":{"loc":{"start":{"line":21,"column":43},"end":{"line":21,"column":90}},"type":"binary-expr","locations":[{"start":{"line":21,"column":43},"end":{"line":21,"column":82}},{"start":{"line":21,"column":86},"end":{"line":21,"column":90}}],"line":21},"3":{"loc":{"start":{"line":28,"column":8},"end":{"line":30,"column":9}},"type":"if","locations":[{"start":{"line":28,"column":8},"end":{"line":30,"column":9}},{"start":{},"end":{}}],"line":28},"4":{"loc":{"start":{"line":32,"column":43},"end":{"line":32,"column":90}},"type":"binary-expr","locations":[{"start":{"line":32,"column":43},"end":{"line":32,"column":82}},{"start":{"line":32,"column":86},"end":{"line":32,"column":90}}],"line":32},"5":{"loc":{"start":{"line":39,"column":43},"end":{"line":39,"column":90}},"type":"binary-expr","locations":[{"start":{"line":39,"column":43},"end":{"line":39,"column":82}},{"start":{"line":39,"column":86},"end":{"line":39,"column":90}}],"line":39},"6":{"loc":{"start":{"line":45,"column":8},"end":{"line":47,"column":9}},"type":"if","locations":[{"start":{"line":45,"column":8},"end":{"line":47,"column":9}},{"start":{},"end":{}}],"line":45}},"s":{"0":2,"1":2,"2":2,"3":2,"4":6,"5":0,"6":0,"7":0,"8":0,"9":0,"10":0,"11":0,"12":0,"13":0,"14":0,"15":0,"16":1,"17":1,"18":1,"19":3,"20":1,"21":0,"22":1,"23":1,"24":1,"25":1},"f":{"0":2,"1":6,"2":0,"3":0,"4":0,"5":0,"6":1,"7":3},"b":{"0":[2,2],"1":[6,1],"2":[0,0],"3":[0,0],"4":[0,0],"5":[1,1],"6":[0,1]},"meta":{"lastBranch":7,"lastFunction":8,"lastStatement":26,"seen":{"s:1:28:54:1":0,"f:10:27:10:28":0,"s:12:32:12:91":1,"b:12:43:12:82:12:86:12:90":0,"s:13:30:13:83":2,"s:16:8:16:103":3,"f:16:34:16:41":1,"s:16:45:16:101":4,"b:16:45:16:68:16:72:16:101":1,"f:20:26:20:27":2,"s:21:32:21:91":5,"b:21:43:21:82:21:86:21:90":2,"s:22:8:22:69":6,"f:25:21:25:22":3,"s:27:38:27:84":7,"f:27:71:27:72":4,"s:27:76:27:83":8,"b:28:8:30:9:undefined:undefined:undefined:undefined":3,"s:28:8:30:9":9,"s:29:12:29:75":10,"s:32:32:32:91":11,"b:32:43:32:82:32:86:32:90":4,"s:33:31:33:89":12,"f:33:54:33:61":5,"s:33:65:33:88":13,"s:34:8:34:80":14,"s:35:8:35:20":15,"f:38:20:38:21":6,"s:39:32:39:91":16,"b:39:43:39:82:39:86:39:90":5,"s:42:30:42:83":17,"s:43:23:43:77":18,"f:43:42:43:49":7,"s:43:53:43:76":19,"b:45:8:47:9:undefined:undefined:undefined:undefined":6,"s:45:8:47:9":20,"s:46:12:46:52":21,"s:49:29:49:48":22,"s:50:8:50:43":23,"s:51:8:51:81":24,"s:52:8:52:28":25}}}
,"C:\\Users\\kiko\\Desktop\\pasteleria-react\\src\\components\\productoServicio.js": {"path":"C:\\Users\\kiko\\Desktop\\pasteleria-react\\src\\components\\productoServicio.js","statementMap":{"0":{"start":{"line":5,"column":4},"end":{"line":5,"column":89}},"1":{"start":{"line":9,"column":4},"end":{"line":9,"column":26}},"2":{"start":{"line":13,"column":26},"end":{"line":23,"column":5}},"3":{"start":{"line":14,"column":46},"end":{"line":14,"column":50}},"4":{"start":{"line":25,"column":4},"end":{"line":25,"column":39}},"5":{"start":{"line":26,"column":4},"end":{"line":26,"column":33}},"6":{"start":{"line":27,"column":4},"end":{"line":27,"column":25}},"7":{"start":{"line":31,"column":4},"end":{"line":31,"column":69}},"8":{"start":{"line":31,"column":48},"end":{"line":31,"column":67}},"9":{"start":{"line":32,"column":4},"end":{"line":32,"column":33}},"10":{"start":{"line":36,"column":4},"end":{"line":36,"column":70}},"11":{"start":{"line":40,"column":4},"end":{"line":42,"column":19}},"12":{"start":{"line":41,"column":22},"end":{"line":41,"column":45}},"13":{"start":{"line":46,"column":32},"end":{"line":46,"column":54}}},"fnMap":{"0":{"name":"(anonymous_0)","decl":{"start":{"line":4,"column":2},"end":{"line":4,"column":13}},"loc":{"start":{"line":4,"column":16},"end":{"line":6,"column":3}},"line":4},"1":{"name":"(anonymous_1)","decl":{"start":{"line":8,"column":2},"end":{"line":8,"column":18}},"loc":{"start":{"line":8,"column":21},"end":{"line":10,"column":3}},"line":8},"2":{"name":"(anonymous_2)","decl":{"start":{"line":12,"column":2},"end":{"line":12,"column":17}},"loc":{"start":{"line":12,"column":32},"end":{"line":28,"column":3}},"line":12},"3":{"name":"(anonymous_3)","decl":{"start":{"line":14,"column":41},"end":{"line":14,"column":42}},"loc":{"start":{"line":14,"column":46},"end":{"line":14,"column":50}},"line":14},"4":{"name":"(anonymous_4)","decl":{"start":{"line":30,"column":2},"end":{"line":30,"column":18}},"loc":{"start":{"line":30,"column":27},"end":{"line":33,"column":3}},"line":30},"5":{"name":"(anonymous_5)","decl":{"start":{"line":31,"column":43},"end":{"line":31,"column":44}},"loc":{"start":{"line":31,"column":48},"end":{"line":31,"column":67}},"line":31},"6":{"name":"(anonymous_6)","decl":{"start":{"line":35,"column":2},"end":{"line":35,"column":23}},"loc":{"start":{"line":35,"column":26},"end":{"line":37,"column":3}},"line":35},"7":{"name":"(anonymous_7)","decl":{"start":{"line":39,"column":2},"end":{"line":39,"column":20}},"loc":{"start":{"line":39,"column":23},"end":{"line":43,"column":3}},"line":39},"8":{"name":"(anonymous_8)","decl":{"start":{"line":41,"column":12},"end":{"line":41,"column":13}},"loc":{"start":{"line":41,"column":22},"end":{"line":41,"column":45}},"line":41}},"branchMap":{"0":{"loc":{"start":{"line":5,"column":21},"end":{"line":5,"column":88}},"type":"binary-expr","locations":[{"start":{"line":5,"column":21},"end":{"line":5,"column":66}},{"start":{"line":5,"column":70},"end":{"line":5,"column":88}}],"line":5}},"s":{"0":1,"1":0,"2":1,"3":16,"4":1,"5":1,"6":1,"7":0,"8":0,"9":0,"10":1,"11":4,"12":61,"13":1},"f":{"0":1,"1":0,"2":1,"3":16,"4":0,"5":0,"6":1,"7":4,"8":61},"b":{"0":[1,1]},"meta":{"lastBranch":1,"lastFunction":9,"lastStatement":14,"seen":{"f:4:2:4:13":0,"s:5:4:5:89":0,"b:5:21:5:66:5:70:5:88":0,"f:8:2:8:18":1,"s:9:4:9:26":1,"f:12:2:12:17":2,"s:13:26:23:5":2,"f:14:41:14:42":3,"s:14:46:14:50":3,"s:25:4:25:39":4,"s:26:4:26:33":5,"s:27:4:27:25":6,"f:30:2:30:18":4,"s:31:4:31:69":7,"f:31:43:31:44":5,"s:31:48:31:67":8,"s:32:4:32:33":9,"f:35:2:35:23":6,"s:36:4:36:70":10,"f:39:2:39:20":7,"s:40:4:42:19":11,"f:41:12:41:13":8,"s:41:22:41:45":12,"s:46:32:46:54":13}}}
}
